action: locust_browse_projects, action_execution_time: 0.6860425472259521, sleep 0.6350583702052406
action: locust_browse_projects, action_execution_time: 0.7325234413146973, sleep 0.5885774761164955
action: locust_browse_projects, action_execution_time: 1.0328998565673828, sleep 0.2882010608638099
action: locust_edit_issue:open_editor, action_execution_time: 1.228902816772461, sleep 0.0921981006587318
action: locust_edit_issue:open_editor, action_execution_time: 1.078185796737671, sleep 0.24291512069352184
action: locust_browse_projects, action_execution_time: 0.7198371887207031, sleep 0.6012637287104896
action: locust_browse_boards, action_execution_time: 0.8582656383514404, sleep 0.4628352790797523
action: locust_edit_issue:open_editor, action_execution_time: 1.1212437152862549, sleep 0.19985720214493785
action: locust_create_issue:open_quick_create, action_execution_time: 0.5593221187591553, sleep 0.7617787986720375
action: locust_create_issue:fill_and_submit_issue_form, action_execution_time: 0.4556589126586914, sleep 0.8654420047725013
action: locust_edit_issue:open_editor, action_execution_time: 1.1932778358459473, sleep 0.12782308158524547
action: locust_edit_issue:open_editor, action_execution_time: 1.0581331253051758, sleep 0.26296779212601695
action: locust_edit_issue:open_editor, action_execution_time: 1.070871353149414, sleep 0.25022956428177867
action: locust_create_issue:open_quick_create, action_execution_time: 0.5792977809906006, sleep 0.7418031364405921
action: locust_create_issue:fill_and_submit_issue_form, action_execution_time: 0.4812510013580322, sleep 0.8398499160731605
action: locust_browse_projects, action_execution_time: 0.6941983699798584, sleep 0.6269025474513343
action: locust_browse_projects, action_execution_time: 0.7147278785705566, sleep 0.6063730388606361
action: locust_create_issue:open_quick_create, action_execution_time: 0.578742265701294, sleep 0.7423586517298988
action: locust_edit_issue:open_editor, action_execution_time: 1.136453628540039, sleep 0.18464728889115367
action: locust_create_issue:fill_and_submit_issue_form, action_execution_time: 0.4474766254425049, sleep 0.8736242919886879
action: locust_edit_issue:open_editor, action_execution_time: 1.0693638324737549, sleep 0.25173708495743785
action: locust_browse_projects, action_execution_time: 0.9096941947937012, sleep 0.41140672263749156
action: locust_edit_issue:open_editor, action_execution_time: 1.1117610931396484, sleep 0.2093398242915443
action: locust_browse_projects, action_execution_time: 0.8339123725891113, sleep 0.4871885448420814
action: locust_edit_issue:open_editor, action_execution_time: 1.0582118034362793, sleep 0.26288911399491344
action: locust_create_issue:open_quick_create, action_execution_time: 0.5662674903869629, sleep 0.7548334270442298
action: locust_create_issue:fill_and_submit_issue_form, action_execution_time: 0.45586419105529785, sleep 0.8652367263758949
action: locust_create_issue:open_quick_create, action_execution_time: 0.5178284645080566, sleep 0.8032724529231361
action: locust_create_issue:fill_and_submit_issue_form, action_execution_time: 0.4756653308868408, sleep 0.8454355865443519
action: locust_browse_projects, action_execution_time: 0.7025034427642822, sleep 0.6185974746669105
action: locust_edit_issue:open_editor, action_execution_time: 1.055208444595337, sleep 0.2658924728358558
action: locust_browse_boards, action_execution_time: 0.8742468357086182, sleep 0.44685408172257457
action: locust_edit_issue:open_editor, action_execution_time: 1.0931572914123535, sleep 0.22794362601883922
action: locust_create_issue:open_quick_create, action_execution_time: 0.5269005298614502, sleep 0.7942003875697425
action: locust_create_issue:fill_and_submit_issue_form, action_execution_time: 0.5151855945587158, sleep 0.8059153228724769
